<?xml version="1.0" encoding="UTF-8"?>
<!-- Generated by org.testng.reporters.JUnitReportReporter -->
<testsuite skipped="0" hostname="SIPOTLUR-IN" name="Sample" tests="1" failures="0" timestamp="09 Jun 2018 13:20:44 GMT" time="0.018" errors="0">
  <testcase name="simpleTest" time="0.018" classname="Sample"/>
</testsuite> <!-- Sample -->
