<?xml version="1.0" encoding="UTF-8"?>
<!-- Generated by org.testng.reporters.JUnitReportReporter -->
<testsuite hostname="SIPOTLUR-IN" name="Sample" tests="1" failures="0" timestamp="9 Jun 2018 13:26:12 GMT" time="0.006" errors="0">
  <testcase name="simpleTest" time="0.006" classname="Sample"/>
</testsuite> <!-- Sample -->
